2023-03-11 12:22:54,488 INFO notifyConnectTimeout:200

2023-03-11 12:22:54,498 INFO notifySocketTimeout:8000

2023-03-11 12:22:54,498 INFO isHealthCheck:true

2023-03-11 12:22:54,498 INFO maxHealthCheckFailCount:12

2023-03-11 12:22:54,499 INFO maxContent:10485760

2023-03-11 12:22:59,156 INFO use local db service for init

2023-03-11 12:23:00,387 WARN Lexical error at line 4, column 66.  Encountered: <EOF> after : "".

2023-03-11 12:23:00,406 WARN Syntax error: Encountered "*" at line 1, column 1.

2023-03-11 12:23:00,832 WARN Lexical error at line 4, column 13.  Encountered: "`" (96), after : "".

2023-03-11 12:23:00,832 WARN Lexical error at line 1, column 13.  Encountered: "`" (96), after : "".

2023-03-11 12:23:00,833 WARN Lexical error at line 1, column 13.  Encountered: "`" (96), after : "".

2023-03-11 12:23:00,833 WARN Lexical error at line 1, column 13.  Encountered: "`" (96), after : "".

2023-03-11 12:23:00,834 INFO use StandaloneDatabaseOperateImpl

2023-03-11 12:23:02,739 WARN DumpService start

2023-03-11 12:23:02,741 INFO start clear all config-info.

2023-03-11 12:23:02,741 WARN clear all config-info failed.

2023-03-11 12:23:02,742 WARN clear all config-info-tenant failed.

2023-03-11 12:23:02,785 INFO start clear all config-info-beta.

2023-03-11 12:23:02,785 WARN clear all config-info-beta failed.

2023-03-11 12:23:02,785 WARN clear all config-info-beta-tenant failed.

2023-03-11 12:23:02,796 INFO start clear all config-info-tag.

2023-03-11 12:23:02,796 WARN clear all config-info-tag failed.

2023-03-11 12:23:02,796 WARN clear all config-info-tag-tenant failed.

