2023-03-11 12:23:32,996 INFO PERFORMANCE:|0|0|-1|-1

2023-03-11 12:28:46,381 INFO PERFORMANCE:|1|1|-1|-1

2023-03-11 12:33:46,383 INFO PERFORMANCE:|1|1|-1|-1

2023-03-11 12:38:46,394 INFO PERFORMANCE:|1|1|-1|-1

2023-03-11 12:50:25,740 INFO PERFORMANCE:|1|1|-1|-1

2023-03-11 12:55:25,742 INFO PERFORMANCE:|3|2|-1|-1

2023-03-11 13:00:25,753 INFO PERFORMANCE:|2|1|-1|-1

2023-03-11 13:05:25,756 INFO PERFORMANCE:|2|2|-1|-1

2023-03-11 13:10:25,764 INFO PERFORMANCE:|2|2|-1|-1

2023-03-11 13:15:25,781 INFO PERFORMANCE:|2|2|-1|-1

2023-03-11 13:20:25,787 INFO PERFORMANCE:|2|2|-1|-1

2023-03-11 13:25:25,791 INFO PERFORMANCE:|2|2|-1|-1

2023-03-11 13:30:25,794 INFO PERFORMANCE:|2|2|-1|-1

2023-03-11 13:35:25,796 INFO PERFORMANCE:|2|2|-1|-1

2023-03-11 13:40:25,797 INFO PERFORMANCE:|2|2|-1|-1

2023-03-11 13:45:25,811 INFO PERFORMANCE:|2|2|-1|-1

2023-03-11 13:50:25,812 INFO PERFORMANCE:|2|2|-1|-1

2023-03-11 13:55:25,820 INFO PERFORMANCE:|2|2|-1|-1

2023-03-11 14:00:25,831 INFO PERFORMANCE:|2|2|-1|-1

2023-03-11 14:05:25,832 INFO PERFORMANCE:|2|2|-1|-1

2023-03-11 14:10:25,847 INFO PERFORMANCE:|2|2|-1|-1

2023-03-11 14:15:25,856 INFO PERFORMANCE:|2|2|-1|-1

2023-03-11 14:20:25,865 INFO PERFORMANCE:|2|2|-1|-1

2023-03-11 14:25:25,868 INFO PERFORMANCE:|2|2|-1|-1

2023-03-11 14:30:25,877 INFO PERFORMANCE:|2|2|-1|-1

2023-03-11 14:35:25,893 INFO PERFORMANCE:|2|2|-1|-1

2023-03-11 14:40:25,898 INFO PERFORMANCE:|2|2|-1|-1

2023-03-11 14:45:25,914 INFO PERFORMANCE:|2|2|-1|-1

2023-03-11 14:50:25,917 INFO PERFORMANCE:|2|2|-1|-1

2023-03-11 14:55:25,929 INFO PERFORMANCE:|2|2|-1|-1

2023-03-11 15:00:25,933 INFO PERFORMANCE:|2|2|-1|-1

2023-03-11 15:05:25,940 INFO PERFORMANCE:|2|2|-1|-1

2023-03-11 15:07:49,277 INFO PERFORMANCE:|0|0|-1|-1

2023-03-11 15:12:49,279 INFO PERFORMANCE:|1|1|-1|-1

2023-03-11 15:17:45,073 INFO PERFORMANCE:|2|2|-1|-1

2023-03-11 15:22:45,084 INFO PERFORMANCE:|2|2|-1|-1

2023-03-11 15:27:45,094 INFO PERFORMANCE:|2|2|-1|-1

2023-03-11 15:32:45,108 INFO PERFORMANCE:|2|2|-1|-1

2023-03-11 15:37:45,113 INFO PERFORMANCE:|2|3|-1|-1

2023-03-11 15:42:45,121 INFO PERFORMANCE:|2|3|-1|-1

2023-03-11 15:47:45,131 INFO PERFORMANCE:|2|3|-1|-1

2023-03-11 15:52:45,137 INFO PERFORMANCE:|2|3|-1|-1

2023-03-11 15:57:45,152 INFO PERFORMANCE:|2|3|-1|-1

2023-03-11 16:02:45,165 INFO PERFORMANCE:|2|3|-1|-1

2023-03-11 16:07:45,172 INFO PERFORMANCE:|2|3|-1|-1

2023-03-11 16:12:45,186 INFO PERFORMANCE:|2|3|-1|-1

2023-03-11 16:17:45,195 INFO PERFORMANCE:|2|3|-1|-1

